<?xml version="1.0" encoding="UTF-8"?>
<!-- Generated by org.testng.reporters.JUnitReportReporter -->
<testsuite hostname="DoBiggsLT" failures="0" tests="1" name="com.codebind.TC001" time="0.000" errors="0" timestamp="2020-01-09T11:50:35 EST" skipped="0">
  <testcase classname="com.codebind.TC001" name="CreateOrder" time="0.000"/>
</testsuite> <!-- com.codebind.TC001 -->
